  animationcomponent.cpp
  playercomponent.cpp
  entity.cpp
  physicscomponent.cpp
  animation.cpp
  framebuffer.cpp
  buffers.cpp
  primitives.cpp
  shader.cpp
  texture.cpp
  view.cpp
  poly.cpp
  rect.cpp
  body.cpp
  tilemap.cpp
  timer.cpp
  game.cpp
  image.cpp
  renderer.cpp
d:\dev\chestnut\src\chestnut\graphics\renderer.cpp(199): warning C4101: 'e': unreferenced local variable
  input.cpp
  Compiling...
  frost.cpp
  main.cpp
LINK : warning LNK4098: defaultlib 'LIBCMT' conflicts with use of other libs; use /NODEFAULTLIB:library
  Generating code
  All 1684 functions were compiled because no usable IPDB/IOBJ from previous compilation was found.
  Finished generating code
glew32s.lib(glew.obj) : warning LNK4099: PDB 'vc120.pdb' was not found with 'glew32s.lib(glew.obj)' or at 'D:\Dev\Chestnut\bin\Release\vc120.pdb'; linking object as if no debug info
  Frost.vcxproj -> D:\Dev\Chestnut\bin\Release\Frost.exe
