  animationcomponent.cpp
  playercomponent.cpp
  entity.cpp
  physicscomponent.cpp
  animation.cpp
  framebuffer.cpp
  buffers.cpp
  primitives.cpp
  shader.cpp
  texture.cpp
  view.cpp
  poly.cpp
  rect.cpp
  body.cpp
  tilemap.cpp
  timer.cpp
  game.cpp
  image.cpp
  renderer.cpp
  input.cpp
  Generating Code...
  Compiling...
  frost.cpp
  main.cpp
  Generating Code...
LINK : warning LNK4098: defaultlib 'MSVCRT' conflicts with use of other libs; use /NODEFAULTLIB:library
LINK : warning LNK4098: defaultlib 'LIBCMT' conflicts with use of other libs; use /NODEFAULTLIB:library
glew32s.lib(glew.obj) : warning LNK4099: PDB 'vc120.pdb' was not found with 'glew32s.lib(glew.obj)' or at 'D:\Dev\Chestnut\bin\Debug\vc120.pdb'; linking object as if no debug info
  Frost.vcxproj -> D:\Dev\Chestnut\bin\Debug\Frost.exe
