d:\dev\chestnut\bin\debug\intermediates\vc141.pdb
d:\dev\chestnut\bin\debug\intermediates\vc141.idb
d:\dev\chestnut\bin\debug\intermediates\main.obj
d:\dev\chestnut\bin\debug\intermediates\frost.obj
d:\dev\chestnut\bin\debug\intermediates\input.obj
d:\dev\chestnut\bin\debug\intermediates\renderer.obj
d:\dev\chestnut\bin\debug\intermediates\image.obj
d:\dev\chestnut\bin\debug\intermediates\game.obj
d:\dev\chestnut\bin\debug\intermediates\timer.obj
d:\dev\chestnut\bin\debug\intermediates\tilemap.obj
d:\dev\chestnut\bin\debug\intermediates\body.obj
d:\dev\chestnut\bin\debug\intermediates\rect.obj
d:\dev\chestnut\bin\debug\intermediates\poly.obj
d:\dev\chestnut\bin\debug\intermediates\view.obj
d:\dev\chestnut\bin\debug\intermediates\shader.obj
d:\dev\chestnut\bin\debug\intermediates\primitives.obj
d:\dev\chestnut\bin\debug\intermediates\buffers.obj
d:\dev\chestnut\bin\debug\intermediates\truetypefont.obj
d:\dev\chestnut\bin\debug\intermediates\bitmapfont.obj
d:\dev\chestnut\bin\debug\frost.exe
d:\dev\chestnut\bin\debug\frost.ilk
d:\dev\chestnut\bin\debug\frost.pdb
d:\dev\chestnut\bin\debug\intermediates\frost.tlog\cl.command.1.tlog
d:\dev\chestnut\bin\debug\intermediates\frost.tlog\cl.read.1.tlog
d:\dev\chestnut\bin\debug\intermediates\frost.tlog\cl.write.1.tlog
d:\dev\chestnut\bin\debug\intermediates\frost.tlog\link.command.1.tlog
d:\dev\chestnut\bin\debug\intermediates\frost.tlog\link.read.1.tlog
d:\dev\chestnut\bin\debug\intermediates\frost.tlog\link.write.1.tlog
